<?xml version="1.0" encoding="UTF-8" ?>
<testsuite errors="0" failures="0" hostname="kasper-one-Pc" name="dk.roninit.loppadmin.MarkedItemSpec" tests="1" time="0.752" timestamp="2013-12-14T22:11:02">
  <properties />
  <testcase classname="dk.roninit.loppadmin.MarkedItemSpec" name="test toString" time="0.19" />
  <system-out><![CDATA[--Output from test toString--
]]></system-out>
  <system-err><![CDATA[--Output from test toString--
]]></system-err>
</testsuite>
