<?xml version="1.0" encoding="UTF-8" ?>
<testsuite errors="0" failures="0" hostname="kasper-one-Pc" name="dk.roninit.loppadmin.CountryControllerSpec" tests="7" time="3.136" timestamp="2013-12-14T22:10:51">
  <properties />
  <testcase classname="dk.roninit.loppadmin.CountryControllerSpec" name="Test the index action returns the correct model" time="0.973" />
  <testcase classname="dk.roninit.loppadmin.CountryControllerSpec" name="Test the create action returns the correct model" time="0.209" />
  <testcase classname="dk.roninit.loppadmin.CountryControllerSpec" name="Test the save action correctly persists an instance" time="0.444" />
  <testcase classname="dk.roninit.loppadmin.CountryControllerSpec" name="Test that the show action returns the correct model" time="0.192" />
  <testcase classname="dk.roninit.loppadmin.CountryControllerSpec" name="Test that the edit action returns the correct model" time="0.189" />
  <testcase classname="dk.roninit.loppadmin.CountryControllerSpec" name="Test the update action performs an update on a valid domain instance" time="0.35" />
  <testcase classname="dk.roninit.loppadmin.CountryControllerSpec" name="Test that the delete action deletes an instance if it exists" time="0.271" />
  <system-out><![CDATA[--Output from Test the index action returns the correct model--
--Output from Test the create action returns the correct model--
--Output from Test the save action correctly persists an instance--
--Output from Test that the show action returns the correct model--
--Output from Test that the edit action returns the correct model--
--Output from Test the update action performs an update on a valid domain instance--
--Output from Test that the delete action deletes an instance if it exists--
]]></system-out>
  <system-err><![CDATA[--Output from Test the index action returns the correct model--
--Output from Test the create action returns the correct model--
--Output from Test the save action correctly persists an instance--
--Output from Test that the show action returns the correct model--
--Output from Test that the edit action returns the correct model--
--Output from Test the update action performs an update on a valid domain instance--
--Output from Test that the delete action deletes an instance if it exists--
]]></system-err>
</testsuite>
