<?xml version="1.0" encoding="UTF-8" ?>
<testsuite errors="0" failures="0" hostname="kasper-one-Pc" name="dk.roninit.loppadmin.CountrySpec" tests="1" time="0.745" timestamp="2013-12-14T22:10:54">
  <properties />
  <testcase classname="dk.roninit.loppadmin.CountrySpec" name="test toString" time="0.197" />
  <system-out><![CDATA[--Output from test toString--
]]></system-out>
  <system-err><![CDATA[--Output from test toString--
]]></system-err>
</testsuite>
