<?xml version="1.0" encoding="UTF-8" ?>
<testsuite errors="0" failures="0" hostname="kasper-one-Pc" name="dk.roninit.loppadmin.OrganizerSpec" tests="1" time="1.056" timestamp="2013-12-14T22:11:06">
  <properties />
  <testcase classname="dk.roninit.loppadmin.OrganizerSpec" name="test toString" time="1.05" />
  <system-out><![CDATA[--Output from test toString--
]]></system-out>
  <system-err><![CDATA[--Output from test toString--
]]></system-err>
</testsuite>
